2025-05-19 00:40:00 - src.db_client - [32mINFO[0m - Connecting to PostgreSQL database at postgres:5432...
2025-05-19 00:40:00 - src.db_client - [32mINFO[0m - Database connection successful
2025-05-19 00:40:00 - src.db_client - [32mINFO[0m - Creating database schema...
2025-05-19 00:40:00 - src.db_client - [32mINFO[0m - Creating indexes...
2025-05-19 00:40:00 - src.db_client - [32mINFO[0m - Initializing migration progress...
2025-05-19 00:40:00 - src.db_client - [32mINFO[0m - Schema initialization complete
2025-05-19 00:40:00 - src.api_client - [32mINFO[0m - Authenticating with Kara API...
2025-05-19 00:40:01 - src.api_client - [32mINFO[0m - Authentication successful
2025-05-19 00:40:01 - src.api_client - [32mINFO[0m - Fetching categories...
2025-05-19 00:40:03 - src.api_client - [32mINFO[0m - Successfully fetched categories
2025-05-19 00:40:03 - __main__ - [32mINFO[0m - Found 687 categories to migrate
2025-05-19 00:40:05 - __main__ - [32mINFO[0m - Categories migration completed: 687 succeeded, 0 failed
2025-05-19 00:40:05 - __main__ - [32mINFO[0m - Found 687 category mappings
2025-05-19 00:40:05 - src.api_client - [32mINFO[0m - Fetching products (page 1, size 1)...
2025-05-19 00:40:35 - src.api_client - [33mWARNING[0m - Request failed (attempt 1/3): HTTPSConnectionPool(host='kara.com.ng', port=443): Read timed out. (read timeout=30)
2025-05-19 00:41:06 - src.api_client - [33mWARNING[0m - Request failed (attempt 2/3): HTTPSConnectionPool(host='kara.com.ng', port=443): Read timed out. (read timeout=30)
2025-05-19 00:41:39 - src.api_client - [33mWARNING[0m - Request failed (attempt 3/3): HTTPSConnectionPool(host='kara.com.ng', port=443): Read timed out. (read timeout=30)
2025-05-19 00:41:39 - src.api_client - [31mERROR[0m - Maximum retry attempts reached for https://kara.com.ng/rest/V1/products
2025-05-19 00:41:39 - src.api_client - [31mERROR[0m - Failed to fetch products for page 1
2025-05-19 00:41:39 - __main__ - [31mERROR[0m - No products found. Aborting products migration.
2025-05-19 00:41:39 - __main__ - [32mINFO[0m - Found 0 media entries to download
2025-05-19 00:41:39 - src.db_client - [32mINFO[0m - Database connection closed
